C:\PAUL\PRJ\0_ACTIVE\NEXGENPLATFORM\GPU\ALIGNMENTPOC\ALIGNMENTDLL\C_EXE\C_EXE\X64\DEBUG\C_EXE.OBJ
C:\PAUL\PRJ\0_ACTIVE\NEXGENPLATFORM\GPU\ALIGNMENTPOC\ALIGNMENTDLL\C_EXE\C_EXE\X64\DEBUG\STDAFX.OBJ
C:\PAUL\PRJ\0_ACTIVE\NEXGENPLATFORM\GPU\ALIGNMENTPOC\ALIGNMENTDLL\C_EXE\C_EXE\X64\DEBUG\VC110.PDB
C:\PAUL\PRJ\0_ACTIVE\NEXGENPLATFORM\GPU\ALIGNMENTPOC\ALIGNMENTDLL\C_EXE_V2\C_EXE\X64\DEBUG\C_EXE.OBJ
C:\PAUL\PRJ\0_ACTIVE\NEXGENPLATFORM\GPU\ALIGNMENTPOC\ALIGNMENTDLL\C_EXE_V2\C_EXE\X64\DEBUG\STDAFX.OBJ
C:\PAUL\PRJ\0_ACTIVE\NEXGENPLATFORM\GPU\ALIGNMENTPOC\ALIGNMENTDLL\C_EXE_V2\C_EXE\X64\DEBUG\VC110.PDB
C:\PAUL\PRJ\0_ACTIVE\NEXGENPLATFORM\GPU\ALIGNMENTPOC\ALIGNMENTDLL\C_EXE\C_EXE\X64\DEBUG\C_EXE.ILK
C:\PAUL\PRJ\0_ACTIVE\NEXGENPLATFORM\GPU\ALIGNMENTPOC\ALIGNMENTDLL\C_EXE\C_EXE\X64\DEBUG\C_EXE.EXE
C:\PAUL\PRJ\0_ACTIVE\NEXGENPLATFORM\GPU\ALIGNMENTPOC\ALIGNMENTDLL\C_EXE\C_EXE\X64\DEBUG\C_EXE.PDB
C:\PAUL\PRJ\0_ACTIVE\NEXGENPLATFORM\GPU\ALIGNMENTPOC\ALIGNMENTDLL\C_EXE_V2\C_EXE\X64\DEBUG\C_EXE.ILK
C:\PAUL\PRJ\0_ACTIVE\NEXGENPLATFORM\GPU\ALIGNMENTPOC\ALIGNMENTDLL\C_EXE_V2\C_EXE\X64\DEBUG\C_EXE.EXE
C:\PAUL\PRJ\0_ACTIVE\NEXGENPLATFORM\GPU\ALIGNMENTPOC\ALIGNMENTDLL\C_EXE_V2\C_EXE\X64\DEBUG\C_EXE.PDB
C:\paul\prj\0_active\NexGenPlatform\GPU\AlignmentPOC\alignmentdll\c_exe_v2\c_exe\x64\Debug\c_exe.obj
C:\paul\prj\0_active\NexGenPlatform\GPU\AlignmentPOC\alignmentdll\c_exe_v2\c_exe\x64\Debug\stdafx.obj
C:\paul\prj\0_active\NexGenPlatform\GPU\AlignmentPOC\alignmentdll\c_exe_v2\c_exe\x64\Debug\c_exe.ilk
C:\paul\prj\0_active\NexGenPlatform\GPU\AlignmentPOC\alignmentdll\c_exe_v2\c_exe\x64\Debug\cl.command.1.tlog
C:\paul\prj\0_active\NexGenPlatform\GPU\AlignmentPOC\alignmentdll\c_exe_v2\c_exe\x64\Debug\CL.read.1.tlog
C:\paul\prj\0_active\NexGenPlatform\GPU\AlignmentPOC\alignmentdll\c_exe_v2\c_exe\x64\Debug\CL.write.1.tlog
C:\paul\prj\0_active\NexGenPlatform\GPU\AlignmentPOC\alignmentdll\c_exe_v2\c_exe\x64\Debug\link-cvtres.read.1.tlog
C:\paul\prj\0_active\NexGenPlatform\GPU\AlignmentPOC\alignmentdll\c_exe_v2\c_exe\x64\Debug\link-cvtres.write.1.tlog
C:\paul\prj\0_active\NexGenPlatform\GPU\AlignmentPOC\alignmentdll\c_exe_v2\c_exe\x64\Debug\link-rc.read.1.tlog
C:\paul\prj\0_active\NexGenPlatform\GPU\AlignmentPOC\alignmentdll\c_exe_v2\c_exe\x64\Debug\link-rc.write.1.tlog
C:\paul\prj\0_active\NexGenPlatform\GPU\AlignmentPOC\alignmentdll\c_exe_v2\c_exe\x64\Debug\link.11212-cvtres.read.1.tlog
C:\paul\prj\0_active\NexGenPlatform\GPU\AlignmentPOC\alignmentdll\c_exe_v2\c_exe\x64\Debug\link.11212-cvtres.write.1.tlog
C:\paul\prj\0_active\NexGenPlatform\GPU\AlignmentPOC\alignmentdll\c_exe_v2\c_exe\x64\Debug\link.11212-rc.read.1.tlog
C:\paul\prj\0_active\NexGenPlatform\GPU\AlignmentPOC\alignmentdll\c_exe_v2\c_exe\x64\Debug\link.11212-rc.write.1.tlog
C:\paul\prj\0_active\NexGenPlatform\GPU\AlignmentPOC\alignmentdll\c_exe_v2\c_exe\x64\Debug\link.11212.read.1.tlog
C:\paul\prj\0_active\NexGenPlatform\GPU\AlignmentPOC\alignmentdll\c_exe_v2\c_exe\x64\Debug\link.11212.write.1.tlog
C:\paul\prj\0_active\NexGenPlatform\GPU\AlignmentPOC\alignmentdll\c_exe_v2\c_exe\x64\Debug\link.16716-cvtres.read.1.tlog
C:\paul\prj\0_active\NexGenPlatform\GPU\AlignmentPOC\alignmentdll\c_exe_v2\c_exe\x64\Debug\link.16716-cvtres.write.1.tlog
C:\paul\prj\0_active\NexGenPlatform\GPU\AlignmentPOC\alignmentdll\c_exe_v2\c_exe\x64\Debug\link.16716-rc.read.1.tlog
C:\paul\prj\0_active\NexGenPlatform\GPU\AlignmentPOC\alignmentdll\c_exe_v2\c_exe\x64\Debug\link.16716-rc.write.1.tlog
C:\paul\prj\0_active\NexGenPlatform\GPU\AlignmentPOC\alignmentdll\c_exe_v2\c_exe\x64\Debug\link.16716.read.1.tlog
C:\paul\prj\0_active\NexGenPlatform\GPU\AlignmentPOC\alignmentdll\c_exe_v2\c_exe\x64\Debug\link.16716.write.1.tlog
C:\paul\prj\0_active\NexGenPlatform\GPU\AlignmentPOC\alignmentdll\c_exe_v2\c_exe\x64\Debug\link.17132-cvtres.read.1.tlog
C:\paul\prj\0_active\NexGenPlatform\GPU\AlignmentPOC\alignmentdll\c_exe_v2\c_exe\x64\Debug\link.17132-cvtres.write.1.tlog
C:\paul\prj\0_active\NexGenPlatform\GPU\AlignmentPOC\alignmentdll\c_exe_v2\c_exe\x64\Debug\link.17132-rc.read.1.tlog
C:\paul\prj\0_active\NexGenPlatform\GPU\AlignmentPOC\alignmentdll\c_exe_v2\c_exe\x64\Debug\link.17132-rc.write.1.tlog
C:\paul\prj\0_active\NexGenPlatform\GPU\AlignmentPOC\alignmentdll\c_exe_v2\c_exe\x64\Debug\link.17132.read.1.tlog
C:\paul\prj\0_active\NexGenPlatform\GPU\AlignmentPOC\alignmentdll\c_exe_v2\c_exe\x64\Debug\link.17132.write.1.tlog
C:\paul\prj\0_active\NexGenPlatform\GPU\AlignmentPOC\alignmentdll\c_exe_v2\c_exe\x64\Debug\link.17948-cvtres.read.1.tlog
C:\paul\prj\0_active\NexGenPlatform\GPU\AlignmentPOC\alignmentdll\c_exe_v2\c_exe\x64\Debug\link.17948-cvtres.write.1.tlog
C:\paul\prj\0_active\NexGenPlatform\GPU\AlignmentPOC\alignmentdll\c_exe_v2\c_exe\x64\Debug\link.17948-rc.read.1.tlog
C:\paul\prj\0_active\NexGenPlatform\GPU\AlignmentPOC\alignmentdll\c_exe_v2\c_exe\x64\Debug\link.17948-rc.write.1.tlog
C:\paul\prj\0_active\NexGenPlatform\GPU\AlignmentPOC\alignmentdll\c_exe_v2\c_exe\x64\Debug\link.17948.read.1.tlog
C:\paul\prj\0_active\NexGenPlatform\GPU\AlignmentPOC\alignmentdll\c_exe_v2\c_exe\x64\Debug\link.17948.write.1.tlog
C:\paul\prj\0_active\NexGenPlatform\GPU\AlignmentPOC\alignmentdll\c_exe_v2\c_exe\x64\Debug\link.3320-cvtres.read.1.tlog
C:\paul\prj\0_active\NexGenPlatform\GPU\AlignmentPOC\alignmentdll\c_exe_v2\c_exe\x64\Debug\link.3320-cvtres.write.1.tlog
C:\paul\prj\0_active\NexGenPlatform\GPU\AlignmentPOC\alignmentdll\c_exe_v2\c_exe\x64\Debug\link.3320-rc.read.1.tlog
C:\paul\prj\0_active\NexGenPlatform\GPU\AlignmentPOC\alignmentdll\c_exe_v2\c_exe\x64\Debug\link.3320-rc.write.1.tlog
C:\paul\prj\0_active\NexGenPlatform\GPU\AlignmentPOC\alignmentdll\c_exe_v2\c_exe\x64\Debug\link.3320.read.1.tlog
C:\paul\prj\0_active\NexGenPlatform\GPU\AlignmentPOC\alignmentdll\c_exe_v2\c_exe\x64\Debug\link.3320.write.1.tlog
C:\paul\prj\0_active\NexGenPlatform\GPU\AlignmentPOC\alignmentdll\c_exe_v2\c_exe\x64\Debug\link.5696-cvtres.read.1.tlog
C:\paul\prj\0_active\NexGenPlatform\GPU\AlignmentPOC\alignmentdll\c_exe_v2\c_exe\x64\Debug\link.5696-cvtres.write.1.tlog
C:\paul\prj\0_active\NexGenPlatform\GPU\AlignmentPOC\alignmentdll\c_exe_v2\c_exe\x64\Debug\link.5696-rc.read.1.tlog
C:\paul\prj\0_active\NexGenPlatform\GPU\AlignmentPOC\alignmentdll\c_exe_v2\c_exe\x64\Debug\link.5696-rc.write.1.tlog
C:\paul\prj\0_active\NexGenPlatform\GPU\AlignmentPOC\alignmentdll\c_exe_v2\c_exe\x64\Debug\link.5696.read.1.tlog
C:\paul\prj\0_active\NexGenPlatform\GPU\AlignmentPOC\alignmentdll\c_exe_v2\c_exe\x64\Debug\link.5696.write.1.tlog
C:\paul\prj\0_active\NexGenPlatform\GPU\AlignmentPOC\alignmentdll\c_exe_v2\c_exe\x64\Debug\link.command.1.tlog
C:\paul\prj\0_active\NexGenPlatform\GPU\AlignmentPOC\alignmentdll\c_exe_v2\c_exe\x64\Debug\link.read.1.tlog
C:\paul\prj\0_active\NexGenPlatform\GPU\AlignmentPOC\alignmentdll\c_exe_v2\c_exe\x64\Debug\link.write.1.tlog
C:\paul\prj\0_active\NexGenPlatform\GPU\AlignmentPOC\alignmentdll\c_exe_v2\c_exe\x64\Debug\vc110.idb
C:\paul\prj\0_active\NexGenPlatform\GPU\AlignmentPOC\alignmentdll\c_exe_v2\c_exe\x64\Debug\c_exe.pdb
C:\paul\prj\0_active\NexGenPlatform\GPU\AlignmentPOC\alignmentdll\c_exe_v2\c_exe\x64\Debug\vc110.pdb
C:\paul\prj\0_active\NexGenPlatform\GPU\AlignmentPOC\alignmentdll\c_exe_v2\c_exe\x64\Debug\c_exe.exe
