C:\paul\prj\0_active\NexGenPlatform\GPU\AlignmentPOC\alignmentdll\top\bin\Debug\bfa_dll.lib
C:\paul\prj\0_active\NexGenPlatform\GPU\AlignmentPOC\alignmentdll\top\bin\Debug\bfa_dll.exp
C:\PAUL\PRJ\0_ACTIVE\NEXGENPLATFORM\GPU\ALIGNMENTPOC\ALIGNMENTDLL\CUDA1DLL\X64\DEBUG\BFA_MAIN.OBJ
C:\PAUL\PRJ\0_ACTIVE\NEXGENPLATFORM\GPU\ALIGNMENTPOC\ALIGNMENTDLL\CUDA1DLL\X64\DEBUG\VC110.PDB
C:\PAUL\PRJ\0_ACTIVE\NEXGENPLATFORM\GPU\ALIGNMENTPOC\ALIGNMENTDLL\TOP\BIN\DEBUG\BFA_DLL.ILK
C:\PAUL\PRJ\0_ACTIVE\NEXGENPLATFORM\GPU\ALIGNMENTPOC\ALIGNMENTDLL\TOP\BIN\DEBUG\BFA_DLL.DLL
C:\PAUL\PRJ\0_ACTIVE\NEXGENPLATFORM\GPU\ALIGNMENTPOC\ALIGNMENTDLL\TOP\BIN\DEBUG\BFA_DLL.PDB
C:\paul\prj\0_active\NexGenPlatform\GPU\AlignmentPOC\alignmentdll\cs_exe_and_c_dll\cuda1dll\x64\Debug\bfa_kernel.cu.cache
C:\paul\prj\0_active\NexGenPlatform\GPU\AlignmentPOC\alignmentdll\cs_exe_and_c_dll\cuda1dll\x64\Debug\bfa_kernel.cu.obj
C:\paul\prj\0_active\NexGenPlatform\GPU\AlignmentPOC\alignmentdll\cs_exe_and_c_dll\cuda1dll\x64\Debug\bfa_main.obj
C:\paul\prj\0_active\NexGenPlatform\GPU\AlignmentPOC\alignmentdll\cs_exe_and_c_dll\cuda1dll\x64\Debug\bfa_dll.write.1.tlog
C:\paul\prj\0_active\NexGenPlatform\GPU\AlignmentPOC\alignmentdll\cs_exe_and_c_dll\cuda1dll\x64\Debug\cl.command.1.tlog
C:\paul\prj\0_active\NexGenPlatform\GPU\AlignmentPOC\alignmentdll\cs_exe_and_c_dll\cuda1dll\x64\Debug\CL.read.1.tlog
C:\paul\prj\0_active\NexGenPlatform\GPU\AlignmentPOC\alignmentdll\cs_exe_and_c_dll\cuda1dll\x64\Debug\CL.write.1.tlog
C:\paul\prj\0_active\NexGenPlatform\GPU\AlignmentPOC\alignmentdll\cs_exe_and_c_dll\cuda1dll\x64\Debug\link-cvtres.read.1.tlog
C:\paul\prj\0_active\NexGenPlatform\GPU\AlignmentPOC\alignmentdll\cs_exe_and_c_dll\cuda1dll\x64\Debug\link-cvtres.write.1.tlog
C:\paul\prj\0_active\NexGenPlatform\GPU\AlignmentPOC\alignmentdll\cs_exe_and_c_dll\cuda1dll\x64\Debug\link-rc.read.1.tlog
C:\paul\prj\0_active\NexGenPlatform\GPU\AlignmentPOC\alignmentdll\cs_exe_and_c_dll\cuda1dll\x64\Debug\link-rc.write.1.tlog
C:\paul\prj\0_active\NexGenPlatform\GPU\AlignmentPOC\alignmentdll\cs_exe_and_c_dll\cuda1dll\x64\Debug\link.2912-cvtres.read.1.tlog
C:\paul\prj\0_active\NexGenPlatform\GPU\AlignmentPOC\alignmentdll\cs_exe_and_c_dll\cuda1dll\x64\Debug\link.2912-cvtres.write.1.tlog
C:\paul\prj\0_active\NexGenPlatform\GPU\AlignmentPOC\alignmentdll\cs_exe_and_c_dll\cuda1dll\x64\Debug\link.2912-rc.read.1.tlog
C:\paul\prj\0_active\NexGenPlatform\GPU\AlignmentPOC\alignmentdll\cs_exe_and_c_dll\cuda1dll\x64\Debug\link.2912-rc.write.1.tlog
C:\paul\prj\0_active\NexGenPlatform\GPU\AlignmentPOC\alignmentdll\cs_exe_and_c_dll\cuda1dll\x64\Debug\link.2912.read.1.tlog
C:\paul\prj\0_active\NexGenPlatform\GPU\AlignmentPOC\alignmentdll\cs_exe_and_c_dll\cuda1dll\x64\Debug\link.2912.write.1.tlog
C:\paul\prj\0_active\NexGenPlatform\GPU\AlignmentPOC\alignmentdll\cs_exe_and_c_dll\cuda1dll\x64\Debug\link.command.1.tlog
C:\paul\prj\0_active\NexGenPlatform\GPU\AlignmentPOC\alignmentdll\cs_exe_and_c_dll\cuda1dll\x64\Debug\link.read.1.tlog
C:\paul\prj\0_active\NexGenPlatform\GPU\AlignmentPOC\alignmentdll\cs_exe_and_c_dll\cuda1dll\x64\Debug\link.write.1.tlog
C:\paul\prj\0_active\NexGenPlatform\GPU\AlignmentPOC\alignmentdll\cs_exe_and_c_dll\cuda1dll\x64\Debug\vc110.idb
C:\paul\prj\0_active\NexGenPlatform\GPU\AlignmentPOC\alignmentdll\cs_exe_and_c_dll\cuda1dll\x64\Debug\vc110.pdb
C:\paul\prj\0_active\NexGenPlatform\GPU\AlignmentPOC\alignmentdll\cs_exe_and_c_dll\cuda1dll\..\top\bin\Debug\bfa_dll.dll
