G:\PAUL\GPU\ALIGNMENTPOC\PARALLELSUMMATION_SEQUENTIALCORRELATION_GLOBALMEMORY\X64\RELEASE\PARALLELSUMSEQVENTIALCORR.EXE
G:\PAUL\GPU\ALIGNMENTPOC\PARALLELSUMMATION_SEQUENTIALCORRELATION_GLOBALMEMORY\X64\RELEASE\PARALLELSUMSEQVENTIALCORR.PDB
G:\PAUL\GPU\ALIGNMENTPOC\PARALLELSUMMATION_SEQUENTIALCORRELATION_GLOBALMEMORY_3SUMS\X64\RELEASE\PARALLELSUMSEQVENTIALCORR.EXE
G:\PAUL\GPU\ALIGNMENTPOC\PARALLELSUMMATION_SEQUENTIALCORRELATION_GLOBALMEMORY_3SUMS\X64\RELEASE\PARALLELSUMSEQVENTIALCORR.PDB
G:\paul\GPU\AlignmentPOC\parallelsummation_sequentialcorrelation_globalmemory_3sums\x64\Release\imnormcorrTR.cu.cache
G:\paul\GPU\AlignmentPOC\parallelsummation_sequentialcorrelation_globalmemory_3sums\x64\Release\imnormcorrTTT.cu.cache
G:\paul\GPU\AlignmentPOC\parallelsummation_sequentialcorrelation_globalmemory_3sums\x64\Release\NormCorrThreadFenceReduction.cu.cache
G:\paul\GPU\AlignmentPOC\parallelsummation_sequentialcorrelation_globalmemory_3sums\x64\Release\threadFenceReduction.cu.cache
G:\paul\GPU\AlignmentPOC\parallelsummation_sequentialcorrelation_globalmemory_3sums\x64\Release\toptest.cu.cache
G:\paul\GPU\AlignmentPOC\parallelsummation_sequentialcorrelation_globalmemory_3sums\x64\Release\toptestparsumsercor.cu.cache
G:\paul\GPU\AlignmentPOC\parallelsummation_sequentialcorrelation_globalmemory_3sums\x64\Release\imnormcorrTR.cu.obj
G:\paul\GPU\AlignmentPOC\parallelsummation_sequentialcorrelation_globalmemory_3sums\x64\Release\imnormcorrTTT.cu.obj
G:\paul\GPU\AlignmentPOC\parallelsummation_sequentialcorrelation_globalmemory_3sums\x64\Release\main.obj
G:\paul\GPU\AlignmentPOC\parallelsummation_sequentialcorrelation_globalmemory_3sums\x64\Release\NormCorrThreadFenceReduction.cu.obj
G:\paul\GPU\AlignmentPOC\parallelsummation_sequentialcorrelation_globalmemory_3sums\x64\Release\threadFenceReduction.cu.obj
G:\paul\GPU\AlignmentPOC\parallelsummation_sequentialcorrelation_globalmemory_3sums\x64\Release\toptest.cu.obj
G:\paul\GPU\AlignmentPOC\parallelsummation_sequentialcorrelation_globalmemory_3sums\x64\Release\toptestparsumsercor.cu.obj
G:\paul\GPU\AlignmentPOC\parallelsummation_sequentialcorrelation_globalmemory_3sums\x64\Release\cl.command.1.tlog
G:\paul\GPU\AlignmentPOC\parallelsummation_sequentialcorrelation_globalmemory_3sums\x64\Release\CL.read.1.tlog
G:\paul\GPU\AlignmentPOC\parallelsummation_sequentialcorrelation_globalmemory_3sums\x64\Release\CL.write.1.tlog
G:\paul\GPU\AlignmentPOC\parallelsummation_sequentialcorrelation_globalmemory_3sums\x64\Release\link-cvtres.read.1.tlog
G:\paul\GPU\AlignmentPOC\parallelsummation_sequentialcorrelation_globalmemory_3sums\x64\Release\link-cvtres.write.1.tlog
G:\paul\GPU\AlignmentPOC\parallelsummation_sequentialcorrelation_globalmemory_3sums\x64\Release\link-rc.read.1.tlog
G:\paul\GPU\AlignmentPOC\parallelsummation_sequentialcorrelation_globalmemory_3sums\x64\Release\link-rc.write.1.tlog
G:\paul\GPU\AlignmentPOC\parallelsummation_sequentialcorrelation_globalmemory_3sums\x64\Release\link.command.1.tlog
G:\paul\GPU\AlignmentPOC\parallelsummation_sequentialcorrelation_globalmemory_3sums\x64\Release\link.read.1.tlog
G:\paul\GPU\AlignmentPOC\parallelsummation_sequentialcorrelation_globalmemory_3sums\x64\Release\link.write.1.tlog
G:\paul\GPU\AlignmentPOC\parallelsummation_sequentialcorrelation_globalmemory_3sums\x64\Release\parallelsumseqventialcorr.pdb
G:\paul\GPU\AlignmentPOC\parallelsummation_sequentialcorrelation_globalmemory_3sums\x64\Release\testonbigimages.pdb
G:\paul\GPU\AlignmentPOC\parallelsummation_sequentialcorrelation_globalmemory_3sums\x64\Release\vc110.pdb
G:\paul\GPU\AlignmentPOC\parallelsummation_sequentialcorrelation_globalmemory_3sums\x64\Release\parallelsumseqventialcorr.exe
