C:\PAUL\PRJ\0_ACTIVE\NEXGENPLATFORM\GPU\ALIGNMENTPOC\ALIGNMENTDLL\CUDA1DLL\X64\DEBUG\MAIN.OBJ
C:\PAUL\PRJ\0_ACTIVE\NEXGENPLATFORM\GPU\ALIGNMENTPOC\ALIGNMENTDLL\CUDA1DLL\X64\DEBUG\VC110.PDB
C:\paul\prj\0_active\NexGenPlatform\GPU\AlignmentPOC\alignmentdll\top\bin\Debug\cuda1dll.lib
C:\paul\prj\0_active\NexGenPlatform\GPU\AlignmentPOC\alignmentdll\top\bin\Debug\cuda1dll.exp
C:\PAUL\PRJ\0_ACTIVE\NEXGENPLATFORM\GPU\ALIGNMENTPOC\ALIGNMENTDLL\TOP\BIN\DEBUG\CUDA1DLL.ILK
C:\PAUL\PRJ\0_ACTIVE\NEXGENPLATFORM\GPU\ALIGNMENTPOC\ALIGNMENTDLL\TOP\BIN\DEBUG\CUDA1DLL.DLL
C:\PAUL\PRJ\0_ACTIVE\NEXGENPLATFORM\GPU\ALIGNMENTPOC\ALIGNMENTDLL\TOP\BIN\DEBUG\CUDA1DLL.PDB
C:\paul\prj\0_active\NexGenPlatform\GPU\AlignmentPOC\alignmentdll\cuda1dll\x64\Debug\kernel.cu.cache
C:\paul\prj\0_active\NexGenPlatform\GPU\AlignmentPOC\alignmentdll\cuda1dll\x64\Debug\kernel.cu.obj
C:\paul\prj\0_active\NexGenPlatform\GPU\AlignmentPOC\alignmentdll\cuda1dll\x64\Debug\main.obj
C:\paul\prj\0_active\NexGenPlatform\GPU\AlignmentPOC\alignmentdll\cuda1dll\x64\Debug\cl.command.1.tlog
C:\paul\prj\0_active\NexGenPlatform\GPU\AlignmentPOC\alignmentdll\cuda1dll\x64\Debug\CL.read.1.tlog
C:\paul\prj\0_active\NexGenPlatform\GPU\AlignmentPOC\alignmentdll\cuda1dll\x64\Debug\CL.write.1.tlog
C:\paul\prj\0_active\NexGenPlatform\GPU\AlignmentPOC\alignmentdll\cuda1dll\x64\Debug\cuda1dll.write.1.tlog
C:\paul\prj\0_active\NexGenPlatform\GPU\AlignmentPOC\alignmentdll\cuda1dll\x64\Debug\link-cvtres.read.1.tlog
C:\paul\prj\0_active\NexGenPlatform\GPU\AlignmentPOC\alignmentdll\cuda1dll\x64\Debug\link-cvtres.write.1.tlog
C:\paul\prj\0_active\NexGenPlatform\GPU\AlignmentPOC\alignmentdll\cuda1dll\x64\Debug\link-rc.read.1.tlog
C:\paul\prj\0_active\NexGenPlatform\GPU\AlignmentPOC\alignmentdll\cuda1dll\x64\Debug\link-rc.write.1.tlog
C:\paul\prj\0_active\NexGenPlatform\GPU\AlignmentPOC\alignmentdll\cuda1dll\x64\Debug\link.command.1.tlog
C:\paul\prj\0_active\NexGenPlatform\GPU\AlignmentPOC\alignmentdll\cuda1dll\x64\Debug\link.read.1.tlog
C:\paul\prj\0_active\NexGenPlatform\GPU\AlignmentPOC\alignmentdll\cuda1dll\x64\Debug\link.write.1.tlog
C:\paul\prj\0_active\NexGenPlatform\GPU\AlignmentPOC\alignmentdll\cuda1dll\x64\Debug\vc110.idb
C:\paul\prj\0_active\NexGenPlatform\GPU\AlignmentPOC\alignmentdll\cuda1dll\x64\Debug\vc110.pdb
C:\paul\prj\0_active\NexGenPlatform\GPU\AlignmentPOC\alignmentdll\cuda1dll\..\top\bin\Debug\cuda1dll.dll
