C:\PAUL\PRJ\0_ACTIVE\NEXGENPLATFORM\GPU\ALIGNMENTPOC\ALIGNMENTDLL\CUDA1DLL\X64\RELEASE\MAIN.OBJ
C:\PAUL\PRJ\0_ACTIVE\NEXGENPLATFORM\GPU\ALIGNMENTPOC\ALIGNMENTDLL\CUDA1DLL\X64\RELEASE\VC110.PDB
C:\PAUL\PRJ\0_ACTIVE\NEXGENPLATFORM\GPU\ALIGNMENTPOC\ALIGNMENTDLL\CUDA1DLL\X64\RELEASE\BFA_MAIN.OBJ
C:\paul\prj\0_active\NexGenPlatform\GPU\AlignmentPOC\alignmentdll\top\bin\Release\cuda1dll.lib
C:\paul\prj\0_active\NexGenPlatform\GPU\AlignmentPOC\alignmentdll\top\bin\Release\cuda1dll.exp
C:\PAUL\PRJ\0_ACTIVE\NEXGENPLATFORM\GPU\ALIGNMENTPOC\ALIGNMENTDLL\TOP\BIN\RELEASE\CUDA1DLL.DLL
C:\PAUL\PRJ\0_ACTIVE\NEXGENPLATFORM\GPU\ALIGNMENTPOC\ALIGNMENTDLL\TOP\BIN\RELEASE\CUDA1DLL.PDB
C:\paul\prj\0_active\NexGenPlatform\GPU\AlignmentPOC\alignmentdll\cuda1dll\x64\Release\bfa_kernel.cu.cache
C:\paul\prj\0_active\NexGenPlatform\GPU\AlignmentPOC\alignmentdll\cuda1dll\x64\Release\kernel.cu.cache
C:\paul\prj\0_active\NexGenPlatform\GPU\AlignmentPOC\alignmentdll\cuda1dll\x64\Release\bfa_kernel.cu.obj
C:\paul\prj\0_active\NexGenPlatform\GPU\AlignmentPOC\alignmentdll\cuda1dll\x64\Release\bfa_main.obj
C:\paul\prj\0_active\NexGenPlatform\GPU\AlignmentPOC\alignmentdll\cuda1dll\x64\Release\kernel.cu.obj
C:\paul\prj\0_active\NexGenPlatform\GPU\AlignmentPOC\alignmentdll\cuda1dll\x64\Release\main.obj
C:\paul\prj\0_active\NexGenPlatform\GPU\AlignmentPOC\alignmentdll\cuda1dll\x64\Release\cl.command.1.tlog
C:\paul\prj\0_active\NexGenPlatform\GPU\AlignmentPOC\alignmentdll\cuda1dll\x64\Release\CL.read.1.tlog
C:\paul\prj\0_active\NexGenPlatform\GPU\AlignmentPOC\alignmentdll\cuda1dll\x64\Release\CL.write.1.tlog
C:\paul\prj\0_active\NexGenPlatform\GPU\AlignmentPOC\alignmentdll\cuda1dll\x64\Release\cuda1dll.write.1.tlog
C:\paul\prj\0_active\NexGenPlatform\GPU\AlignmentPOC\alignmentdll\cuda1dll\x64\Release\link-cvtres.read.1.tlog
C:\paul\prj\0_active\NexGenPlatform\GPU\AlignmentPOC\alignmentdll\cuda1dll\x64\Release\link-cvtres.write.1.tlog
C:\paul\prj\0_active\NexGenPlatform\GPU\AlignmentPOC\alignmentdll\cuda1dll\x64\Release\link-rc.read.1.tlog
C:\paul\prj\0_active\NexGenPlatform\GPU\AlignmentPOC\alignmentdll\cuda1dll\x64\Release\link-rc.write.1.tlog
C:\paul\prj\0_active\NexGenPlatform\GPU\AlignmentPOC\alignmentdll\cuda1dll\x64\Release\link.command.1.tlog
C:\paul\prj\0_active\NexGenPlatform\GPU\AlignmentPOC\alignmentdll\cuda1dll\x64\Release\link.read.1.tlog
C:\paul\prj\0_active\NexGenPlatform\GPU\AlignmentPOC\alignmentdll\cuda1dll\x64\Release\link.write.1.tlog
C:\paul\prj\0_active\NexGenPlatform\GPU\AlignmentPOC\alignmentdll\cuda1dll\x64\Release\vc110.pdb
C:\paul\prj\0_active\NexGenPlatform\GPU\AlignmentPOC\alignmentdll\cuda1dll\..\top\bin\Release\cuda1dll.dll
